Error [ERR_HTTP_HEADERS_SENT]: Cannot set headers after they are sent to the client
    at new NodeError (node:internal/errors:405:5)
    at ServerResponse.setHeader (node:_http_outgoing:648:11)
    at ServerResponse.header (/home/ubuntu/Unicorn-Website/node_modules/express/lib/response.js:794:10)
    at ServerResponse.send (/home/ubuntu/Unicorn-Website/node_modules/express/lib/response.js:174:12)
    at Request.callback (/home/ubuntu/Unicorn-Website/controller/email.js:152:21)
    at IncomingMessage.<anonymous> (/home/ubuntu/Unicorn-Website/node_modules/mailgun-js/lib/request.js:331:19)
    at IncomingMessage.emit (node:events:526:35)
    at endReadableNT (node:internal/streams/readable:1359:12)
    at process.processTicksAndRejections (node:internal/process/task_queues:82:21)
Error [ERR_HTTP_HEADERS_SENT]: Cannot set headers after they are sent to the client
    at new NodeError (node:internal/errors:405:5)
    at ServerResponse.setHeader (node:_http_outgoing:648:11)
    at ServerResponse.header (/home/ubuntu/Unicorn-Website/node_modules/express/lib/response.js:794:10)
    at ServerResponse.send (/home/ubuntu/Unicorn-Website/node_modules/express/lib/response.js:174:12)
    at Request.callback (/home/ubuntu/Unicorn-Website/controller/email.js:152:21)
    at IncomingMessage.<anonymous> (/home/ubuntu/Unicorn-Website/node_modules/mailgun-js/lib/request.js:331:19)
    at IncomingMessage.emit (node:events:526:35)
    at endReadableNT (node:internal/streams/readable:1359:12)
    at process.processTicksAndRejections (node:internal/process/task_queues:82:21)
Error [ERR_HTTP_HEADERS_SENT]: Cannot set headers after they are sent to the client
    at new NodeError (node:internal/errors:405:5)
    at ServerResponse.setHeader (node:_http_outgoing:648:11)
    at ServerResponse.header (/home/ubuntu/Unicorn-Website/node_modules/express/lib/response.js:794:10)
    at ServerResponse.send (/home/ubuntu/Unicorn-Website/node_modules/express/lib/response.js:174:12)
    at Request.callback (/home/ubuntu/Unicorn-Website/controller/email.js:152:21)
    at IncomingMessage.<anonymous> (/home/ubuntu/Unicorn-Website/node_modules/mailgun-js/lib/request.js:331:19)
    at IncomingMessage.emit (node:events:526:35)
    at endReadableNT (node:internal/streams/readable:1359:12)
    at process.processTicksAndRejections (node:internal/process/task_queues:82:21)
Error [ERR_HTTP_HEADERS_SENT]: Cannot set headers after they are sent to the client
    at new NodeError (node:internal/errors:405:5)
    at ServerResponse.setHeader (node:_http_outgoing:648:11)
    at ServerResponse.header (/home/ubuntu/Unicorn-Website/node_modules/express/lib/response.js:794:10)
    at ServerResponse.send (/home/ubuntu/Unicorn-Website/node_modules/express/lib/response.js:174:12)
    at Request.callback (/home/ubuntu/Unicorn-Website/controller/email.js:152:21)
    at IncomingMessage.<anonymous> (/home/ubuntu/Unicorn-Website/node_modules/mailgun-js/lib/request.js:331:19)
    at IncomingMessage.emit (node:events:526:35)
    at endReadableNT (node:internal/streams/readable:1359:12)
    at process.processTicksAndRejections (node:internal/process/task_queues:82:21)
Error [ERR_HTTP_HEADERS_SENT]: Cannot set headers after they are sent to the client
    at new NodeError (node:internal/errors:405:5)
    at ServerResponse.setHeader (node:_http_outgoing:648:11)
    at ServerResponse.header (/home/ubuntu/Unicorn-Website/node_modules/express/lib/response.js:794:10)
    at ServerResponse.send (/home/ubuntu/Unicorn-Website/node_modules/express/lib/response.js:174:12)
    at Request.callback (/home/ubuntu/Unicorn-Website/controller/email.js:152:21)
    at IncomingMessage.<anonymous> (/home/ubuntu/Unicorn-Website/node_modules/mailgun-js/lib/request.js:331:19)
    at IncomingMessage.emit (node:events:526:35)
    at endReadableNT (node:internal/streams/readable:1359:12)
    at process.processTicksAndRejections (node:internal/process/task_queues:82:21)
Error [ERR_HTTP_HEADERS_SENT]: Cannot set headers after they are sent to the client
    at new NodeError (node:internal/errors:405:5)
    at ServerResponse.setHeader (node:_http_outgoing:648:11)
    at ServerResponse.header (/home/ubuntu/Unicorn-Website/node_modules/express/lib/response.js:794:10)
    at ServerResponse.send (/home/ubuntu/Unicorn-Website/node_modules/express/lib/response.js:174:12)
    at Request.callback (/home/ubuntu/Unicorn-Website/controller/email.js:152:21)
    at IncomingMessage.<anonymous> (/home/ubuntu/Unicorn-Website/node_modules/mailgun-js/lib/request.js:331:19)
    at IncomingMessage.emit (node:events:526:35)
    at endReadableNT (node:internal/streams/readable:1359:12)
    at process.processTicksAndRejections (node:internal/process/task_queues:82:21)
Error [ERR_HTTP_HEADERS_SENT]: Cannot set headers after they are sent to the client
    at new NodeError (node:internal/errors:405:5)
    at ServerResponse.setHeader (node:_http_outgoing:648:11)
    at ServerResponse.header (/home/ubuntu/Unicorn-Website/node_modules/express/lib/response.js:794:10)
    at ServerResponse.send (/home/ubuntu/Unicorn-Website/node_modules/express/lib/response.js:174:12)
    at Request.callback (/home/ubuntu/Unicorn-Website/controller/email.js:152:21)
    at IncomingMessage.<anonymous> (/home/ubuntu/Unicorn-Website/node_modules/mailgun-js/lib/request.js:331:19)
    at IncomingMessage.emit (node:events:526:35)
    at endReadableNT (node:internal/streams/readable:1359:12)
    at process.processTicksAndRejections (node:internal/process/task_queues:82:21)
Error [ERR_HTTP_HEADERS_SENT]: Cannot set headers after they are sent to the client
    at new NodeError (node:internal/errors:405:5)
    at ServerResponse.setHeader (node:_http_outgoing:648:11)
    at ServerResponse.header (/home/ubuntu/Unicorn-Website/node_modules/express/lib/response.js:794:10)
    at ServerResponse.send (/home/ubuntu/Unicorn-Website/node_modules/express/lib/response.js:174:12)
    at Request.callback (/home/ubuntu/Unicorn-Website/controller/email.js:152:21)
    at IncomingMessage.<anonymous> (/home/ubuntu/Unicorn-Website/node_modules/mailgun-js/lib/request.js:331:19)
    at IncomingMessage.emit (node:events:526:35)
    at endReadableNT (node:internal/streams/readable:1359:12)
    at process.processTicksAndRejections (node:internal/process/task_queues:82:21)
Error [ERR_HTTP_HEADERS_SENT]: Cannot set headers after they are sent to the client
    at new NodeError (node:internal/errors:405:5)
    at ServerResponse.setHeader (node:_http_outgoing:648:11)
    at ServerResponse.header (/home/ubuntu/Unicorn-Website/node_modules/express/lib/response.js:794:10)
    at ServerResponse.send (/home/ubuntu/Unicorn-Website/node_modules/express/lib/response.js:174:12)
    at Request.callback (/home/ubuntu/Unicorn-Website/controller/email.js:152:21)
    at IncomingMessage.<anonymous> (/home/ubuntu/Unicorn-Website/node_modules/mailgun-js/lib/request.js:331:19)
    at IncomingMessage.emit (node:events:526:35)
    at endReadableNT (node:internal/streams/readable:1359:12)
    at process.processTicksAndRejections (node:internal/process/task_queues:82:21)
Error [ERR_HTTP_HEADERS_SENT]: Cannot set headers after they are sent to the client
    at new NodeError (node:internal/errors:405:5)
    at ServerResponse.setHeader (node:_http_outgoing:648:11)
    at ServerResponse.header (/home/ubuntu/Unicorn-Website/node_modules/express/lib/response.js:794:10)
    at ServerResponse.send (/home/ubuntu/Unicorn-Website/node_modules/express/lib/response.js:174:12)
    at Request.callback (/home/ubuntu/Unicorn-Website/controller/email.js:152:21)
    at IncomingMessage.<anonymous> (/home/ubuntu/Unicorn-Website/node_modules/mailgun-js/lib/request.js:331:19)
    at IncomingMessage.emit (node:events:526:35)
    at endReadableNT (node:internal/streams/readable:1359:12)
    at process.processTicksAndRejections (node:internal/process/task_queues:82:21)
Error [ERR_HTTP_HEADERS_SENT]: Cannot set headers after they are sent to the client
    at new NodeError (node:internal/errors:405:5)
    at ServerResponse.setHeader (node:_http_outgoing:648:11)
    at ServerResponse.header (/home/ubuntu/Unicorn-Website/node_modules/express/lib/response.js:794:10)
    at ServerResponse.send (/home/ubuntu/Unicorn-Website/node_modules/express/lib/response.js:174:12)
    at Request.callback (/home/ubuntu/Unicorn-Website/controller/email.js:152:21)
    at IncomingMessage.<anonymous> (/home/ubuntu/Unicorn-Website/node_modules/mailgun-js/lib/request.js:331:19)
    at IncomingMessage.emit (node:events:526:35)
    at endReadableNT (node:internal/streams/readable:1359:12)
    at process.processTicksAndRejections (node:internal/process/task_queues:82:21)
Error [ERR_HTTP_HEADERS_SENT]: Cannot set headers after they are sent to the client
    at new NodeError (node:internal/errors:405:5)
    at ServerResponse.setHeader (node:_http_outgoing:648:11)
    at ServerResponse.header (/home/ubuntu/Unicorn-Website/node_modules/express/lib/response.js:794:10)
    at ServerResponse.send (/home/ubuntu/Unicorn-Website/node_modules/express/lib/response.js:174:12)
    at Request.callback (/home/ubuntu/Unicorn-Website/controller/email.js:152:21)
    at IncomingMessage.<anonymous> (/home/ubuntu/Unicorn-Website/node_modules/mailgun-js/lib/request.js:331:19)
    at IncomingMessage.emit (node:events:526:35)
    at endReadableNT (node:internal/streams/readable:1359:12)
    at process.processTicksAndRejections (node:internal/process/task_queues:82:21)
Error [ERR_HTTP_HEADERS_SENT]: Cannot set headers after they are sent to the client
    at new NodeError (node:internal/errors:405:5)
    at ServerResponse.setHeader (node:_http_outgoing:648:11)
    at ServerResponse.header (/home/ubuntu/Unicorn-Website/node_modules/express/lib/response.js:794:10)
    at ServerResponse.send (/home/ubuntu/Unicorn-Website/node_modules/express/lib/response.js:174:12)
    at Request.callback (/home/ubuntu/Unicorn-Website/controller/email.js:152:21)
    at IncomingMessage.<anonymous> (/home/ubuntu/Unicorn-Website/node_modules/mailgun-js/lib/request.js:331:19)
    at IncomingMessage.emit (node:events:526:35)
    at endReadableNT (node:internal/streams/readable:1359:12)
    at process.processTicksAndRejections (node:internal/process/task_queues:82:21)
